
Total Time Spent Per Category:
+------------+----------------------+
|  Category  | Total Time (minutes) |
+============+======================+
| Work       | 2175                 |
+------------+----------------------+
| Exercise   | 990                  |
+------------+----------------------+
| Leisure    | 2280                 |
+------------+----------------------+

Busiest Days (most active first):
+----------------------+----------------------+
|         Date         | Total Time (minutes) |
+======================+======================+
| Thursday, September  | 510                  |
| 19, 2024             |                      |
+----------------------+----------------------+
| Friday, September    | 480                  |
| 20, 2024             |                      |
+----------------------+----------------------+
| Sunday, September    | 480                  |
| 22, 2024             |                      |
+----------------------+----------------------+
| Saturday, September  | 435                  |
| 21, 2024             |                      |
+----------------------+----------------------+
| Monday, September    | 405                  |
| 16, 2024             |                      |
+----------------------+----------------------+
| Tuesday, September   | 360                  |
| 17, 2024             |                      |
+----------------------+----------------------+
| Wednesday, September | 360                  |
| 18, 2024             |                      |
+----------------------+----------------------+
| Sunday, September    | 240                  |
| 01, 2024             |                      |
+----------------------+----------------------+
| Saturday, September  | 240                  |
| 14, 2024             |                      |
+----------------------+----------------------+
| Friday, September    | 195                  |
| 13, 2024             |                      |
+----------------------+----------------------+
| Saturday, September  | 180                  |
| 07, 2024             |                      |
+----------------------+----------------------+
| Tuesday, September   | 180                  |
| 10, 2024             |                      |
+----------------------+----------------------+
| Thursday, September  | 180                  |
| 12, 2024             |                      |
+----------------------+----------------------+
| Sunday, September    | 180                  |
| 15, 2024             |                      |
+----------------------+----------------------+
| Tuesday, September   | 150                  |
| 03, 2024             |                      |
+----------------------+----------------------+
| Wednesday, September | 150                  |
| 04, 2024             |                      |
+----------------------+----------------------+
| Sunday, September    | 150                  |
| 08, 2024             |                      |
+----------------------+----------------------+
| Thursday, September  | 120                  |
| 05, 2024             |                      |
+----------------------+----------------------+
| Friday, September    | 120                  |
| 06, 2024             |                      |
+----------------------+----------------------+
| Monday, September    | 120                  |
| 09, 2024             |                      |
+----------------------+----------------------+
| Monday, September    | 105                  |
| 02, 2024             |                      |
+----------------------+----------------------+
| Wednesday, September | 105                  |
| 11, 2024             |                      |
+----------------------+----------------------+

Trends Over Time (weekly):
+----------------------+----------------------+-----------------+---------------------------+
|    Week Starting     | Total Time (minutes) |  Max Category   |     Max Category Time     |
|                      |                      |                 |         (minutes)         |
+======================+======================+=================+===========================+
| September 02, 2024   | 1065                 | Work            | 525                       |
+----------------------+----------------------+-----------------+---------------------------+
| September 09, 2024   | 1170                 | Leisure         | 480                       |
+----------------------+----------------------+-----------------+---------------------------+
| September 16, 2024   | 2730                 | Leisure         | 1230                      |
+----------------------+----------------------+-----------------+---------------------------+
| September 23, 2024   | 480                  | Leisure         | 390                       |
+----------------------+----------------------+-----------------+---------------------------+
